
Showing logs for build [32mcb-kubecd-environment-pr-579-6-nwlmb-1[0m stage [32mfrom-build-pack[0m and container [32mstep-credential-initializer-79gkb[0m
{"level":"info","ts":1593027788.0253944,"logger":"fallback-logger","caller":"logging/config.go:69","msg":"Fetch GitHub commit ID from kodata failed: open /var/run/ko/refs/heads/0.8.0-ns-support: no such file or directory"}
{"level":"info","ts":1593027788.0265913,"logger":"fallback-logger","caller":"creds-init/main.go:40","msg":"Credentials initialized."}

Showing logs for build [32mcb-kubecd-environment-pr-579-6-nwlmb-1[0m stage [32mfrom-build-pack[0m and container [32mstep-working-dir-initializer-5pkl8[0m
{"level":"info","ts":1593027789.4748595,"logger":"fallback-logger","caller":"logging/config.go:69","msg":"Fetch GitHub commit ID from kodata failed: open /var/run/ko/HEAD: no such file or directory"}
{"level":"info","ts":1593027789.4775107,"logger":"fallback-logger","caller":"bash/main.go:64","msg":"Successfully executed command \"sh -c mkdir -p /workspace/source\"; output "}

Showing logs for build [32mcb-kubecd-environment-pr-579-6-nwlmb-1[0m stage [32mfrom-build-pack[0m and container [32mstep-place-tools[0m

Showing logs for build [32mcb-kubecd-environment-pr-579-6-nwlmb-1[0m stage [32mfrom-build-pack[0m and container [32mstep-git-source-cb-kubecd-environment-pr-579-6-nwlmb-mxsvl[0m
{"level":"info","ts":1593027793.5323248,"logger":"fallback-logger","caller":"logging/config.go:69","msg":"Fetch GitHub commit ID from kodata failed: open /var/run/ko/refs/heads/0.8.0-ns-support: no such file or directory"}
{"level":"info","ts":1593027794.6430085,"logger":"fallback-logger","caller":"git/git.go:103","msg":"Successfully cloned https://github.com/cb-kubecd/environment-pr-579-6-bdd-frontend-staging.git @ master in path /workspace/source"}

Showing logs for build [32mcb-kubecd-environment-pr-579-6-nwlmb-1[0m stage [32mfrom-build-pack[0m and container [32mstep-git-merge[0m
Using SHAs from PULL_REFS=master:8c4ca598b555cd47527afd71af53230e57d9f604,1:56158b64fe6779f7f7a4e867b6b024f447678a86
DEBUG: JX_LOG_LEVEL=error LC_ALL=C git fetch origin --unshallow 56158b64fe6779f7f7a4e867b6b024f447678a86: 8c4ca598b555cd47527afd71af53230e57d9f604:
DEBUG: ran git fetch --unshallow origin 56158b64fe6779f7f7a4e867b6b024f447678a86: 8c4ca598b555cd47527afd71af53230e57d9f604: in 
DEBUG: LC_ALL=C JX_LOG_LEVEL=error git branch
DEBUG: LC_ALL=C JX_LOG_LEVEL=error git checkout master
DEBUG: ran git checkout master in 
DEBUG: LC_ALL=C JX_LOG_LEVEL=error git reset --hard 8c4ca598b555cd47527afd71af53230e57d9f604
DEBUG: ran git reset --hard 8c4ca598b555cd47527afd71af53230e57d9f604 in 
DEBUG: LC_ALL=C JX_LOG_LEVEL=error git clean -fd .
DEBUG: ran clean --force -d . in 
DEBUG: LC_ALL=C JX_LOG_LEVEL=error git merge 56158b64fe6779f7f7a4e867b6b024f447678a86
DEBUG: ran git merge 56158b64fe6779f7f7a4e867b6b024f447678a86 in 
DEBUG: LC_ALL=C JX_LOG_LEVEL=error git log --format=%H%x1f%an%x1f%ae%x1f%cn%x1f%ce%x1f%s%n%b%x1e 8c4ca598b555cd47527afd71af53230e57d9f604..HEAD
Merged SHA 56158b64fe6779f7f7a4e867b6b024f447678a86 with commit message 'chore: Promote bdd-nh-1593026635 to version 0.0.1' into base branch master

Showing logs for build [32mcb-kubecd-environment-pr-579-6-nwlmb-1[0m stage [32mfrom-build-pack[0m and container [32mstep-build-helm-build[0m
WARNING: No $CHART_REPOSITORY defined so using the default value of: http://jenkins-x-chartmuseum:8080
Adding missing Helm repo: storage.googleapis.com https://storage.googleapis.com/chartmuseum.jenkins-x.io
WARNING: No secrets found on "helm/repos" due: reading the secret "helm/repos" from vault: no secret "helm/repos" not found in vault
Read credentials for https://storage.googleapis.com/chartmuseum.jenkins-x.io from vault helm/repos
Successfully added Helm repository storage.googleapis.com.
Adding missing Helm repo: jenkins-x-chartmuseum http://jenkins-x-chartmuseum:8080
WARNING: No secrets found on "helm/repos" due: reading the secret "helm/repos" from vault: no secret "helm/repos" not found in vault
Read credentials for http://jenkins-x-chartmuseum:8080 from vault helm/repos
Successfully added Helm repository jenkins-x-chartmuseum.
WARNING: No $CHART_REPOSITORY defined so using the default value of: http://jenkins-x-chartmuseum:8080
Adding missing Helm repo: chartmuseum.jenkins-x.io http://chartmuseum.jenkins-x.io
WARNING: No secrets found on "helm/repos" due: reading the secret "helm/repos" from vault: no secret "helm/repos" not found in vault
Read credentials for http://chartmuseum.jenkins-x.io from vault helm/repos
Successfully added Helm repository chartmuseum.jenkins-x.io.
